CONFIGURATION ConstantPositionMobilityModel
Simulation Duration: 5s
------------------------------------------------------------------------------------------------------------------------------------------------------------
algorithm            throughput (250 B)      throughput (1500 B)     throughput (3000 B)     throughput (7500 B)     throughput (15000 B)
------------------------------------------------------------------------------------------------------------------------------------------------------------
TcpNewReno           35.030 Mbit/s           52.013 Mbit/s           53.715 Mbit/s           54.250 Mbit/s           55.650 Mbit/s
TcpNewReno (RUN 10)  14.041 Mbit/s           55.227 Mbit/s           53.500 Mbit/s           54.562 Mbit/s           55.075 Mbit/s
TcpBic               35.514 Mbit/s           52.337 Mbit/s           54.320 Mbit/s           54.787 Mbit/s           55.575 Mbit/s
TcpBic (RUN 10)      35.099 Mbit/s           54.562 Mbit/s           55.390 Mbit/s           56.638 Mbit/s           57.725 Mbit/s
TcpHybla             35.559 Mbit/s           52.090 Mbit/s           53.335 Mbit/s           54.262 Mbit/s           55.650 Mbit/s
TcpHighSpeed         34.803 Mbit/s           51.970 Mbit/s           53.360 Mbit/s           55.862 Mbit/s           55.375 Mbit/s
TcpHtcp              35.045 Mbit/s           52.407 Mbit/s           53.490 Mbit/s           54.362 Mbit/s           54.325 Mbit/s
TcpVegas             28.630 Mbit/s           54.683 Mbit/s           55.395 Mbit/s           57.162 Mbit/s           54.800 Mbit/s
TcpScalable          35.417 Mbit/s           52.552 Mbit/s           53.130 Mbit/s           54.425 Mbit/s           54.500 Mbit/s
TcpVeno              35.083 Mbit/s           52.528 Mbit/s           53.555 Mbit/s           55.450 Mbit/s           55.200 Mbit/s
TcpYeah              35.109 Mbit/s           52.173 Mbit/s           53.795 Mbit/s           54.862 Mbit/s           54.325 Mbit/s
TcpIllinois          35.053 Mbit/s           52.612 Mbit/s           53.920 Mbit/s           54.837 Mbit/s           55.575 Mbit/s
TcpWestwood          35.060 Mbit/s           52.135 Mbit/s           53.705 Mbit/s           54.325 Mbit/s           55.350 Mbit/s
TcpWestwoodPlus      35.829 Mbit/s           51.937 Mbit/s           54.275 Mbit/s           55.075 Mbit/s           55.750 Mbit/s
TcpLedbat            35.061 Mbit/s           52.758 Mbit/s           53.985 Mbit/s           55.062 Mbit/s           55.250 Mbit/s
------------------------------------------------------------------------------------------------------------------------------------------------------------


############################################################################################################################################################

RUN 10 TCPBIC

CONFIGURATION
Simulation Duration: 30s
------------------------------------------------------------------------------------------------------------------------------------------------------------
algorithm            throughput (250 B)      throughput (1500 B)     throughput (3000 B)     throughput (7500 B)     throughput (15000 B)
------------------------------------------------------------------------------------------------------------------------------------------------------------
TcpBic               35.570 Mbit/s           54.554 Mbit/s           55.388 Mbit/s           56.591 Mbit/s           57.749 Mbit/s
------------------------------------------------------------------------------------------------------------------------------------------------------------

RUN 10 TcpNewReno

CONFIGURATION
Simulation Duration: 30s
------------------------------------------------------------------------------------------------------------------------------------------------------------
algorithm            throughput (250 B)      throughput (1500 B)     throughput (3000 B)     throughput (7500 B)     throughput (15000 B)
------------------------------------------------------------------------------------------------------------------------------------------------------------
TcpNewReno           14.061 Mbit/s           55.246 Mbit/s           53.840 Mbit/s           54.854 Mbit/s           55.252 Mbit/s
------------------------------------------------------------------------------------------------------------------------------------------------------------