CONFIGURATION
Simulation Duration: 5s
------------------------------------------------------------------------------------------------------------------------------------------------------------
algorithm            throughput (250 B)      throughput (1500 B)     throughput (3000 B)     throughput (7500 B)     throughput (15000 B)
------------------------------------------------------------------------------------------------------------------------------------------------------------
TcpNewReno           14.049 Mbit/s           55.290 Mbit/s           53.640 Mbit/s           54.262 Mbit/s           54.550 Mbit/s
TcpBic               35.216 Mbit/s           54.590 Mbit/s           55.380 Mbit/s           56.588 Mbit/s           57.750 Mbit/s
------------------------------------------------------------------------------------------------------------------------------------------------------------
TcpNewReno           14.038 Mbit/s           55.170 Mbit/s           53.315 Mbit/s           55.038 Mbit/s           54.825 Mbit/s
TcpBic               35.051 Mbit/s           54.547 Mbit/s           55.350 Mbit/s           56.600 Mbit/s           57.750 Mbit/s
------------------------------------------------------------------------------------------------------------------------------------------------------------
TcpNewReno           14.040 Mbit/s           55.255 Mbit/s           54.510 Mbit/s           53.987 Mbit/s           56.075 Mbit/s
TcpBic               35.100 Mbit/s           54.557 Mbit/s           55.390 Mbit/s           56.575 Mbit/s           57.725 Mbit/s
------------------------------------------------------------------------------------------------------------------------------------------------------------
TcpNewReno           14.069 Mbit/s           55.247 Mbit/s           52.985 Mbit/s           54.700 Mbit/s           55.825 Mbit/s
TcpBic               35.438 Mbit/s           54.547 Mbit/s           55.380 Mbit/s           56.588 Mbit/s           57.725 Mbit/s
------------------------------------------------------------------------------------------------------------------------------------------------------------
TcpNewReno           14.049 Mbit/s           55.230 Mbit/s           53.095 Mbit/s           55.125 Mbit/s           54.900 Mbit/s
TcpBic               35.380 Mbit/s           54.572 Mbit/s           55.395 Mbit/s           56.550 Mbit/s           57.775 Mbit/s
------------------------------------------------------------------------------------------------------------------------------------------------------------
TcpNewReno           14.040 Mbit/s           55.230 Mbit/s           53.850 Mbit/s           54.500 Mbit/s           55.825 Mbit/s
TcpBic               35.701 Mbit/s           54.550 Mbit/s           55.400 Mbit/s           56.575 Mbit/s           57.675 Mbit/s
------------------------------------------------------------------------------------------------------------------------------------------------------------
TcpNewReno           14.057 Mbit/s           55.198 Mbit/s           53.950 Mbit/s           54.862 Mbit/s           55.300 Mbit/s
TcpBic               35.537 Mbit/s           54.590 Mbit/s           55.400 Mbit/s           56.600 Mbit/s           57.750 Mbit/s
------------------------------------------------------------------------------------------------------------------------------------------------------------
TcpNewReno           14.070 Mbit/s           55.250 Mbit/s           53.670 Mbit/s           54.375 Mbit/s           55.225 Mbit/s
TcpBic               35.779 Mbit/s           54.570 Mbit/s           55.415 Mbit/s           56.588 Mbit/s           57.750 Mbit/s
------------------------------------------------------------------------------------------------------------------------------------------------------------
TcpNewReno           14.041 Mbit/s           55.255 Mbit/s           54.135 Mbit/s           54.187 Mbit/s           54.900 Mbit/s
TcpBic               35.424 Mbit/s           54.567 Mbit/s           55.360 Mbit/s           56.600 Mbit/s           57.750 Mbit/s
------------------------------------------------------------------------------------------------------------------------------------------------------------
TcpNewReno           14.020 Mbit/s           55.290 Mbit/s           54.190 Mbit/s           53.488 Mbit/s           55.575 Mbit/s
TcpBic               35.789 Mbit/s           54.585 Mbit/s           55.410 Mbit/s           56.575 Mbit/s           57.750 Mbit/s
------------------------------------------------------------------------------------------------------------------------------------------------------------